Build started 2018/11/8 11:34:35.
     1>Project "E:\git-repertory\do-keyboard\prj\keyboard\keyboard.vcxproj" on node 2 (rebuild target(s)).
     1>_PrepareForClean:
         Deleting file "Release\keyboard.lastbuildstate".
       InitializeBuildStatus:
         Creating "Release\keyboard.unsuccessfulbuild" because "AlwaysCreate" was specified.
       ClCompile:
         d:\Program Files (x86)\Microsoft Visual Studio 10.0\VC\bin\CL.exe /c /Zi /nologo /W3 /WX- /O2 /Oi /Oy- /GL /D WIN32 /D NDEBUG /D _CONSOLE /D _UNICODE /D UNICODE /Gm- /EHsc /MD /GS /Gy /fp:precise /Zc:wchar_t /Zc:forScope /Fo"Release\\" /Fd"Release\vc100.pdb" /Gd /TP /analyze- /errorReport:prompt ..\..\source\main.cpp
         main.cpp
     1>..\..\source\main.cpp(27): warning C4996: 'strncpy': This function or variable may be unsafe. Consider using strncpy_s instead. To disable deprecation, use _CRT_SECURE_NO_WARNINGS. See online help for details.
                 d:\Program Files (x86)\Microsoft Visual Studio 10.0\VC\include\string.h(188) : see declaration of 'strncpy'
     1>..\..\source\main.cpp(72): warning C4996: 'gets': This function or variable may be unsafe. Consider using gets_s instead. To disable deprecation, use _CRT_SECURE_NO_WARNINGS. See online help for details.
                 d:\Program Files (x86)\Microsoft Visual Studio 10.0\VC\include\stdio.h(277) : see declaration of 'gets'
     1>..\..\source\main.cpp(91): warning C4996: 'sprintf': This function or variable may be unsafe. Consider using sprintf_s instead. To disable deprecation, use _CRT_SECURE_NO_WARNINGS. See online help for details.
                 d:\Program Files (x86)\Microsoft Visual Studio 10.0\VC\include\stdio.h(371) : see declaration of 'sprintf'
     1>..\..\source\main.cpp(111): warning C4996: 'strncpy': This function or variable may be unsafe. Consider using strncpy_s instead. To disable deprecation, use _CRT_SECURE_NO_WARNINGS. See online help for details.
                 d:\Program Files (x86)\Microsoft Visual Studio 10.0\VC\include\string.h(188) : see declaration of 'strncpy'
     1>..\..\source\main.cpp(113): warning C4996: 'strncpy': This function or variable may be unsafe. Consider using strncpy_s instead. To disable deprecation, use _CRT_SECURE_NO_WARNINGS. See online help for details.
                 d:\Program Files (x86)\Microsoft Visual Studio 10.0\VC\include\string.h(188) : see declaration of 'strncpy'
     1>..\..\source\main.cpp(124): warning C4996: 'getch': The POSIX name for this item is deprecated. Instead, use the ISO C++ conformant name: _getch. See online help for details.
                 d:\Program Files (x86)\Microsoft Visual Studio 10.0\VC\include\conio.h(128) : see declaration of 'getch'
     1>..\..\source\main.cpp(142): warning C4996: 'strncpy': This function or variable may be unsafe. Consider using strncpy_s instead. To disable deprecation, use _CRT_SECURE_NO_WARNINGS. See online help for details.
                 d:\Program Files (x86)\Microsoft Visual Studio 10.0\VC\include\string.h(188) : see declaration of 'strncpy'
     1>..\..\source\main.cpp(159): warning C4996: 'strncpy': This function or variable may be unsafe. Consider using strncpy_s instead. To disable deprecation, use _CRT_SECURE_NO_WARNINGS. See online help for details.
                 d:\Program Files (x86)\Microsoft Visual Studio 10.0\VC\include\string.h(188) : see declaration of 'strncpy'
     1>..\..\source\main.cpp(198): warning C4996: 'fopen': This function or variable may be unsafe. Consider using fopen_s instead. To disable deprecation, use _CRT_SECURE_NO_WARNINGS. See online help for details.
                 d:\Program Files (x86)\Microsoft Visual Studio 10.0\VC\include\stdio.h(234) : see declaration of 'fopen'
     1>..\..\source\main.cpp(200): warning C4996: 'localtime': This function or variable may be unsafe. Consider using localtime_s instead. To disable deprecation, use _CRT_SECURE_NO_WARNINGS. See online help for details.
                 d:\Program Files (x86)\Microsoft Visual Studio 10.0\VC\include\time.inl(112) : see declaration of 'localtime'
     1>..\..\source\main.cpp(201): warning C4996: 'asctime': This function or variable may be unsafe. Consider using asctime_s instead. To disable deprecation, use _CRT_SECURE_NO_WARNINGS. See online help for details.
                 d:\Program Files (x86)\Microsoft Visual Studio 10.0\VC\include\time.h(153) : see declaration of 'asctime'
       Link:
         d:\Program Files (x86)\Microsoft Visual Studio 10.0\VC\bin\link.exe /ERRORREPORT:PROMPT /OUT:"E:\git-repertory\do-keyboard\prj\Release\keyboard.exe" /INCREMENTAL:NO /NOLOGO kernel32.lib user32.lib gdi32.lib winspool.lib comdlg32.lib advapi32.lib shell32.lib ole32.lib oleaut32.lib uuid.lib odbc32.lib odbccp32.lib /MANIFEST /ManifestFile:"Release\keyboard.exe.intermediate.manifest" /MANIFESTUAC:"level='asInvoker' uiAccess='false'" /DEBUG /PDB:"E:\git-repertory\do-keyboard\prj\Release\keyboard.pdb" /SUBSYSTEM:CONSOLE /OPT:REF /OPT:ICF /LTCG /TLBID:1 /DYNAMICBASE /NXCOMPAT /IMPLIB:"E:\git-repertory\do-keyboard\prj\Release\keyboard.lib" /MACHINE:X86 Release\main.obj
         Generating code
         Finished generating code
         keyboard.vcxproj -> E:\git-repertory\do-keyboard\prj\Release\keyboard.exe
       Manifest:
         C:\Program Files (x86)\Microsoft SDKs\Windows\v7.0A\bin\mt.exe /nologo /verbose /outputresource:"E:\git-repertory\do-keyboard\prj\Release\keyboard.exe;#1" /manifest Release\keyboard.exe.intermediate.manifest
       PostBuildEvent:
         copy "E:\git-repertory\do-keyboard\prj\Release\keyboard.exe" "E:\git-repertory\do-keyboard\prj\..\bin"
         :VCEnd
         已复制         1 个文件。
       FinalizeBuildStatus:
         Deleting file "Release\keyboard.unsuccessfulbuild".
         Touching "Release\keyboard.lastbuildstate".
     1>Done Building Project "E:\git-repertory\do-keyboard\prj\keyboard\keyboard.vcxproj" (rebuild target(s)).

Build succeeded.

Time Elapsed 00:00:01.81
